<?xml version="1.0" encoding="UTF-8"?>
<!-- Generated by org.testng.reporters.JUnitReportReporter -->
<testsuite hostname="DESKTOP-KEG4BQI" failures="0" tests="4"
	name="testNG.RunnerToolsQA" time="17.267" errors="0"
	timestamp="2024-11-26T21:49:35 CST" skipped="1">
	<testcase classname="testNG.RunnerToolsQA" name="navegacion" time="9.607" />
	<system-out />
	<testcase classname="testNG.RunnerToolsQA" name="elemntsCardButton"
		time="4.316" />
	<system-out />
	<testcase classname="testNG.RunnerToolsQA" name="tables" time="3.344" />
	<system-out />
	<testcase classname="testNG.RunnerToolsQA" name="elements">
		<skipped />
	</testcase> <!-- elements -->
	<system-out />
</testsuite> <!-- testNG.RunnerToolsQA -->
