<?xml version="1.0" encoding="UTF-8"?>
<!-- Generated by org.testng.reporters.JUnitReportReporter -->
<testsuite hostname="CLAP2009-1689" failures="0" tests="2"
	name="toolsqa.DemoTestNG" time="0.011" errors="0"
	timestamp="2024-07-29T20:40:37 CST" skipped="0">
	<testcase classname="toolsqa.DemoTestNG" name="test1" time="0.010" />
	<system-out />
	<testcase classname="toolsqa.DemoTestNG" name="test2" time="0.001" />
	<system-out />
</testsuite> <!-- toolsqa.DemoTestNG -->
